This job is 3977.login@students


#Process:  2
Time Elapsed =582.077
******************************************


读取文件失败
读取文件失败


#Process:  4
Time Elapsed =275.163
******************************************


读取文件失败
读取文件失败
读取文件失败
读取文件失败


#Process:  8
Time Elapsed =200.443
******************************************


读取文件失败
读取文件失败
读取文件失败
读取文件失败
读取文件失败
读取文件失败
读取文件失败
读取文件失败


#Process:  16
Time Elapsed =174.04
******************************************


读取文件失败
读取文件失败
读取文件失败
读取文件失败
读取文件失败
读取文件失败
读取文件失败
读取文件失败
读取文件失败
读取文件失败
读取文件失败
读取文件失败
读取文件失败
读取文件失败
读取文件失败
读取文件失败


#Process:  32
Time Elapsed =181.318
******************************************


读取文件失败
读取文件失败
读取文件失败
读取文件失败
读取文件失败
读取文件失败
读取文件失败
读取文件失败
读取文件失败
读取文件失败
读取文件失败
读取文件失败
读取文件失败
读取文件失败
读取文件失败
读取文件失败
读取文件失败
读取文件失败
读取文件失败
读取文件失败
读取文件失败
读取文件失败
读取文件失败
读取文件失败
读取文件失败
读取文件失败
读取文件失败
读取文件失败
读取文件失败
读取文件失败
读取文件失败
读取文件失败


#Process:  64
Time Elapsed =246.419
******************************************


读取文件失败
读取文件失败
读取文件失败
读取文件失败
读取文件失败
读取文件失败
读取文件失败
读取文件失败
读取文件失败
读取文件失败
读取文件失败
读取文件失败
读取文件失败
读取文件失败
读取文件失败
读取文件失败
读取文件失败
读取文件失败
读取文件失败
读取文件失败
读取文件失败
读取文件失败
读取文件失败
读取文件失败
读取文件失败
读取文件失败
读取文件失败
读取文件失败
读取文件失败
读取文件失败
读取文件失败
读取文件失败
读取文件失败
读取文件失败
读取文件失败
读取文件失败
读取文件失败
读取文件失败
读取文件失败
读取文件失败
读取文件失败
读取文件失败
读取文件失败
读取文件失败
读取文件失败
读取文件失败
读取文件失败
读取文件失败
读取文件失败
读取文件失败
读取文件失败
读取文件失败
读取文件失败
读取文件失败
读取文件失败


#Process:  112
Time Elapsed =271.657
******************************************


